2023-10-28 05:01:18,189 p=4658 u=ska n=ansible | ERROR! the playbook: bastion.yml could not be found
2023-10-28 05:01:27,942 p=4700 u=ska n=ansible | [WARNING]: Unable to parse /home/ska/diplom/inventory as an inventory source

2023-10-28 05:01:27,942 p=4700 u=ska n=ansible | [WARNING]: No inventory was parsed, only implicit localhost is available

2023-10-28 05:01:27,947 p=4700 u=ska n=ansible | [WARNING]: provided hosts list is empty, only localhost is available. Note that the implicit localhost does not match 'all'

2023-10-28 05:01:28,165 p=4700 u=ska n=ansible | [WARNING]: Could not match supplied host pattern, ignoring: bastion

2023-10-28 05:01:28,166 p=4700 u=ska n=ansible | PLAY [bastion] ************************************************************************************************************************************************************************************************
2023-10-28 05:01:28,166 p=4700 u=ska n=ansible | skipping: no hosts matched
2023-10-28 05:01:28,166 p=4700 u=ska n=ansible | PLAY RECAP ****************************************************************************************************************************************************************************************************
2023-10-28 05:01:28,166 p=4700 u=ska n=ansible | Playbook run took 0 days, 0 hours, 0 minutes, 0 seconds
2023-10-28 05:01:28,167 p=4700 u=ska n=ansible | Saturday 28 October 2023  05:01:28 -0400 (0:00:00.002)       0:00:00.003 ****** 
2023-10-28 05:01:28,167 p=4700 u=ska n=ansible | =============================================================================== 
2023-10-28 05:02:06,938 p=4734 u=ska n=ansible | [WARNING]: Unable to parse /home/ska/diplom/inventory as an inventory source

2023-10-28 05:02:06,938 p=4734 u=ska n=ansible | [WARNING]: No inventory was parsed, only implicit localhost is available

2023-10-28 05:02:06,941 p=4734 u=ska n=ansible | [WARNING]: provided hosts list is empty, only localhost is available. Note that the implicit localhost does not match 'all'

2023-10-28 05:02:07,051 p=4734 u=ska n=ansible | [WARNING]: Could not match supplied host pattern, ignoring: bastion-server

2023-10-28 05:02:07,052 p=4734 u=ska n=ansible | PLAY [bastion] ************************************************************************************************************************************************************************************************
2023-10-28 05:02:07,052 p=4734 u=ska n=ansible | skipping: no hosts matched
2023-10-28 05:02:07,052 p=4734 u=ska n=ansible | PLAY RECAP ****************************************************************************************************************************************************************************************************
2023-10-28 05:02:07,052 p=4734 u=ska n=ansible | Playbook run took 0 days, 0 hours, 0 minutes, 0 seconds
2023-10-28 05:02:07,053 p=4734 u=ska n=ansible | Saturday 28 October 2023  05:02:07 -0400 (0:00:00.002)       0:00:00.002 ****** 
2023-10-28 05:02:07,053 p=4734 u=ska n=ansible | =============================================================================== 
2023-10-28 05:03:16,566 p=4765 u=ska n=ansible | [WARNING]: Unable to parse /home/ska/diplom/inventory as an inventory source

2023-10-28 05:03:16,566 p=4765 u=ska n=ansible | [WARNING]: No inventory was parsed, only implicit localhost is available

2023-10-28 05:03:16,568 p=4765 u=ska n=ansible | [WARNING]: provided hosts list is empty, only localhost is available. Note that the implicit localhost does not match 'all'

2023-10-28 05:03:16,673 p=4765 u=ska n=ansible | [WARNING]: Could not match supplied host pattern, ignoring: bastion-server

2023-10-28 05:03:16,674 p=4765 u=ska n=ansible | PLAY [bastion] ************************************************************************************************************************************************************************************************
2023-10-28 05:03:16,674 p=4765 u=ska n=ansible | skipping: no hosts matched
2023-10-28 05:03:16,674 p=4765 u=ska n=ansible | PLAY RECAP ****************************************************************************************************************************************************************************************************
2023-10-28 05:03:16,674 p=4765 u=ska n=ansible | Playbook run took 0 days, 0 hours, 0 minutes, 0 seconds
2023-10-28 05:03:16,674 p=4765 u=ska n=ansible | Saturday 28 October 2023  05:03:16 -0400 (0:00:00.002)       0:00:00.002 ****** 
2023-10-28 05:03:16,675 p=4765 u=ska n=ansible | =============================================================================== 
2023-10-28 05:03:57,149 p=4798 u=ska n=ansible | [WARNING]: Invalid characters were found in group names but not replaced, use -vvvv to see details

2023-10-28 05:03:57,150 p=4798 u=ska n=ansible | [WARNING]: Found both group and host with same name: kibana

2023-10-28 05:03:57,150 p=4798 u=ska n=ansible | [WARNING]: Found both group and host with same name: zabbix_server

2023-10-28 05:03:57,263 p=4798 u=ska n=ansible | PLAY [bastion] ************************************************************************************************************************************************************************************************
2023-10-28 05:03:57,280 p=4798 u=ska n=ansible | TASK [Gathering Facts] ****************************************************************************************************************************************************************************************
2023-10-28 05:03:57,281 p=4798 u=ska n=ansible | Saturday 28 October 2023  05:03:57 -0400 (0:00:00.019)       0:00:00.019 ****** 
2023-10-28 05:03:59,954 p=4798 u=ska n=ansible | ok: [bastion]
2023-10-28 05:03:59,961 p=4798 u=ska n=ansible | TASK [install ansible] ****************************************************************************************************************************************************************************************
2023-10-28 05:03:59,961 p=4798 u=ska n=ansible | Saturday 28 October 2023  05:03:59 -0400 (0:00:02.680)       0:00:02.700 ****** 
2023-10-28 05:04:01,817 p=4798 u=ska n=ansible | fatal: [bastion]: FAILED! => changed=false 
  msg: No package matching 'ansible' is available
2023-10-28 05:04:01,818 p=4798 u=ska n=ansible | PLAY RECAP ****************************************************************************************************************************************************************************************************
2023-10-28 05:04:01,818 p=4798 u=ska n=ansible | bastion                    : ok=1    changed=0    unreachable=0    failed=1    skipped=0    rescued=0    ignored=0   
2023-10-28 05:04:01,818 p=4798 u=ska n=ansible | Playbook run took 0 days, 0 hours, 0 minutes, 4 seconds
2023-10-28 05:04:01,818 p=4798 u=ska n=ansible | Saturday 28 October 2023  05:04:01 -0400 (0:00:01.857)       0:00:04.557 ****** 
2023-10-28 05:04:01,818 p=4798 u=ska n=ansible | =============================================================================== 
2023-10-28 05:04:01,819 p=4798 u=ska n=ansible | Gathering Facts ---------------------------------------------------------------------------------------------------------------------------------------------------------------------------------------- 2.68s
2023-10-28 05:04:01,819 p=4798 u=ska n=ansible | install ansible ---------------------------------------------------------------------------------------------------------------------------------------------------------------------------------------- 1.86s
2023-10-28 05:12:46,632 p=5370 u=ska n=ansible | [WARNING]: Invalid characters were found in group names but not replaced, use -vvvv to see details

2023-10-28 05:12:46,633 p=5370 u=ska n=ansible | [WARNING]: Found both group and host with same name: kibana

2023-10-28 05:12:46,633 p=5370 u=ska n=ansible | [WARNING]: Found both group and host with same name: zabbix_server

2023-10-28 05:12:46,746 p=5370 u=ska n=ansible | PLAY [bastion] ************************************************************************************************************************************************************************************************
2023-10-28 05:12:46,752 p=5370 u=ska n=ansible | TASK [Gathering Facts] ****************************************************************************************************************************************************************************************
2023-10-28 05:12:46,752 p=5370 u=ska n=ansible | Saturday 28 October 2023  05:12:46 -0400 (0:00:00.007)       0:00:00.007 ****** 
2023-10-28 05:12:49,131 p=5370 u=ska n=ansible | ok: [bastion]
2023-10-28 05:12:49,138 p=5370 u=ska n=ansible | TASK [install ansible] ****************************************************************************************************************************************************************************************
2023-10-28 05:12:49,138 p=5370 u=ska n=ansible | Saturday 28 October 2023  05:12:49 -0400 (0:00:02.385)       0:00:02.393 ****** 
2023-10-28 05:14:00,548 p=5370 u=ska n=ansible | changed: [bastion]
2023-10-28 05:14:00,556 p=5370 u=ska n=ansible | TASK [init ansible] *******************************************************************************************************************************************************************************************
2023-10-28 05:14:00,557 p=5370 u=ska n=ansible | Saturday 28 October 2023  05:14:00 -0400 (0:01:11.418)       0:01:13.812 ****** 
2023-10-28 05:14:03,128 p=5370 u=ska n=ansible | changed: [bastion]
2023-10-28 05:14:03,132 p=5370 u=ska n=ansible | TASK [copy ansible.conf] **************************************************************************************************************************************************************************************
2023-10-28 05:14:03,132 p=5370 u=ska n=ansible | Saturday 28 October 2023  05:14:03 -0400 (0:00:02.575)       0:01:16.387 ****** 
2023-10-28 05:14:05,686 p=5370 u=ska n=ansible | changed: [bastion]
2023-10-28 05:14:05,689 p=5370 u=ska n=ansible | TASK [copy ssh keys] ******************************************************************************************************************************************************************************************
2023-10-28 05:14:05,689 p=5370 u=ska n=ansible | Saturday 28 October 2023  05:14:05 -0400 (0:00:02.556)       0:01:18.944 ****** 
2023-10-28 05:14:08,692 p=5370 u=ska n=ansible | changed: [bastion]
2023-10-28 05:14:08,695 p=5370 u=ska n=ansible | TASK [copy config] ********************************************************************************************************************************************************************************************
2023-10-28 05:14:08,695 p=5370 u=ska n=ansible | Saturday 28 October 2023  05:14:08 -0400 (0:00:03.005)       0:01:21.950 ****** 
2023-10-28 05:17:51,687 p=5370 u=ska n=ansible | changed: [bastion]
2023-10-28 05:17:51,690 p=5370 u=ska n=ansible | TASK [copy ELK] ***********************************************************************************************************************************************************************************************
2023-10-28 05:17:51,690 p=5370 u=ska n=ansible | Saturday 28 October 2023  05:17:51 -0400 (0:03:42.995)       0:05:04.945 ****** 
2023-10-28 05:18:51,101 p=5370 u=ska n=ansible | changed: [bastion]
2023-10-28 05:18:51,110 p=5370 u=ska n=ansible | PLAY RECAP ****************************************************************************************************************************************************************************************************
2023-10-28 05:18:51,110 p=5370 u=ska n=ansible | bastion                    : ok=7    changed=6    unreachable=0    failed=0    skipped=0    rescued=0    ignored=0   
2023-10-28 05:18:51,110 p=5370 u=ska n=ansible | Playbook run took 0 days, 0 hours, 6 minutes, 4 seconds
2023-10-28 05:18:51,110 p=5370 u=ska n=ansible | Saturday 28 October 2023  05:18:51 -0400 (0:00:59.419)       0:06:04.365 ****** 
2023-10-28 05:18:51,110 p=5370 u=ska n=ansible | =============================================================================== 
2023-10-28 05:18:51,110 p=5370 u=ska n=ansible | copy config ------------------------------------------------------------------------------------------------------------------------------------------------------------------------------------------ 223.00s
2023-10-28 05:18:51,111 p=5370 u=ska n=ansible | install ansible --------------------------------------------------------------------------------------------------------------------------------------------------------------------------------------- 71.42s
2023-10-28 05:18:51,111 p=5370 u=ska n=ansible | copy ELK ---------------------------------------------------------------------------------------------------------------------------------------------------------------------------------------------- 59.42s
2023-10-28 05:18:51,111 p=5370 u=ska n=ansible | copy ssh keys ------------------------------------------------------------------------------------------------------------------------------------------------------------------------------------------ 3.01s
2023-10-28 05:18:51,111 p=5370 u=ska n=ansible | init ansible ------------------------------------------------------------------------------------------------------------------------------------------------------------------------------------------- 2.58s
2023-10-28 05:18:51,111 p=5370 u=ska n=ansible | copy ansible.conf -------------------------------------------------------------------------------------------------------------------------------------------------------------------------------------- 2.56s
2023-10-28 05:18:51,111 p=5370 u=ska n=ansible | Gathering Facts ---------------------------------------------------------------------------------------------------------------------------------------------------------------------------------------- 2.39s
2023-10-28 06:08:34,381 p=12342 u=ska n=ansible | [WARNING]: Invalid characters were found in group names but not replaced, use -vvvv to see details

2023-10-28 06:08:34,383 p=12342 u=ska n=ansible | [WARNING]: Found both group and host with same name: kibana

2023-10-28 06:08:34,383 p=12342 u=ska n=ansible | [WARNING]: Found both group and host with same name: zabbix_server

2023-10-28 06:08:34,584 p=12342 u=ska n=ansible | PLAY [bastion] *********************************************************************************************************************************************************************************************************************
2023-10-28 06:08:34,596 p=12342 u=ska n=ansible | TASK [Gathering Facts] *************************************************************************************************************************************************************************************************************
2023-10-28 06:08:34,596 p=12342 u=ska n=ansible | Saturday 28 October 2023  06:08:34 -0400 (0:00:00.013)       0:00:00.013 ****** 
2023-10-28 06:08:37,068 p=12342 u=ska n=ansible | ok: [bastion]
2023-10-28 06:08:37,075 p=12342 u=ska n=ansible | TASK [Remove specified repository from sources list] *******************************************************************************************************************************************************************************
2023-10-28 06:08:37,075 p=12342 u=ska n=ansible | Saturday 28 October 2023  06:08:37 -0400 (0:00:02.478)       0:00:02.492 ****** 
2023-10-28 06:08:53,251 p=12342 u=ska n=ansible | changed: [bastion]
2023-10-28 06:08:53,255 p=12342 u=ska n=ansible | TASK [Remove specified repository from sources list] *******************************************************************************************************************************************************************************
2023-10-28 06:08:53,255 p=12342 u=ska n=ansible | Saturday 28 October 2023  06:08:53 -0400 (0:00:16.179)       0:00:18.672 ****** 
2023-10-28 06:08:57,051 p=12342 u=ska n=ansible | changed: [bastion]
2023-10-28 06:08:57,055 p=12342 u=ska n=ansible | TASK [Update and upgrade apt packages] *********************************************************************************************************************************************************************************************
2023-10-28 06:08:57,055 p=12342 u=ska n=ansible | Saturday 28 October 2023  06:08:57 -0400 (0:00:03.799)       0:00:22.472 ****** 
2023-10-28 06:10:35,394 p=12342 u=ska n=ansible | [WARNING]: The value "True" (type bool) was converted to "'True'" (type string). If this does not look like what you expect, quote the entire value to ensure it does not change.

2023-10-28 06:10:35,395 p=12342 u=ska n=ansible | changed: [bastion]
2023-10-28 06:10:35,399 p=12342 u=ska n=ansible | TASK [install ansible] *************************************************************************************************************************************************************************************************************
2023-10-28 06:10:35,399 p=12342 u=ska n=ansible | Saturday 28 October 2023  06:10:35 -0400 (0:01:38.344)       0:02:00.816 ****** 
2023-10-28 06:11:39,732 p=12342 u=ska n=ansible | changed: [bastion]
2023-10-28 06:11:39,737 p=12342 u=ska n=ansible | TASK [init ansible] ****************************************************************************************************************************************************************************************************************
2023-10-28 06:11:39,737 p=12342 u=ska n=ansible | Saturday 28 October 2023  06:11:39 -0400 (0:01:04.337)       0:03:05.154 ****** 
2023-10-28 06:11:41,836 p=12342 u=ska n=ansible | changed: [bastion]
2023-10-28 06:11:41,845 p=12342 u=ska n=ansible | TASK [copy ansible.conf] ***********************************************************************************************************************************************************************************************************
2023-10-28 06:11:41,845 p=12342 u=ska n=ansible | Saturday 28 October 2023  06:11:41 -0400 (0:00:02.108)       0:03:07.262 ****** 
2023-10-28 06:11:44,221 p=12342 u=ska n=ansible | changed: [bastion]
2023-10-28 06:11:44,224 p=12342 u=ska n=ansible | TASK [copy ssh keys] ***************************************************************************************************************************************************************************************************************
2023-10-28 06:11:44,225 p=12342 u=ska n=ansible | Saturday 28 October 2023  06:11:44 -0400 (0:00:02.379)       0:03:09.641 ****** 
2023-10-28 06:11:47,160 p=12342 u=ska n=ansible | changed: [bastion]
2023-10-28 06:11:47,164 p=12342 u=ska n=ansible | TASK [copy config] *****************************************************************************************************************************************************************************************************************
2023-10-28 06:11:47,164 p=12342 u=ska n=ansible | Saturday 28 October 2023  06:11:47 -0400 (0:00:02.939)       0:03:12.581 ****** 
2023-10-28 06:15:11,532 p=12342 u=ska n=ansible | changed: [bastion]
2023-10-28 06:15:11,535 p=12342 u=ska n=ansible | TASK [copy ELK] ********************************************************************************************************************************************************************************************************************
2023-10-28 06:15:11,535 p=12342 u=ska n=ansible | Saturday 28 October 2023  06:15:11 -0400 (0:03:24.371)       0:06:36.952 ****** 
2023-10-28 06:16:08,008 p=12342 u=ska n=ansible | changed: [bastion]
2023-10-28 06:16:08,014 p=12342 u=ska n=ansible | PLAY RECAP *************************************************************************************************************************************************************************************************************************
2023-10-28 06:16:08,015 p=12342 u=ska n=ansible | bastion                    : ok=10   changed=9    unreachable=0    failed=0    skipped=0    rescued=0    ignored=0   
2023-10-28 06:16:08,015 p=12342 u=ska n=ansible | Playbook run took 0 days, 0 hours, 7 minutes, 33 seconds
2023-10-28 06:16:08,015 p=12342 u=ska n=ansible | Saturday 28 October 2023  06:16:08 -0400 (0:00:56.479)       0:07:33.432 ****** 
2023-10-28 06:16:08,015 p=12342 u=ska n=ansible | =============================================================================== 
2023-10-28 06:16:08,015 p=12342 u=ska n=ansible | copy config --------------------------------------------------------------------------------------------------------------------------------------------------------------------------------------------------------------- 204.37s
2023-10-28 06:16:08,015 p=12342 u=ska n=ansible | Update and upgrade apt packages -------------------------------------------------------------------------------------------------------------------------------------------------------------------------------------------- 98.34s
2023-10-28 06:16:08,016 p=12342 u=ska n=ansible | install ansible ------------------------------------------------------------------------------------------------------------------------------------------------------------------------------------------------------------ 64.34s
2023-10-28 06:16:08,016 p=12342 u=ska n=ansible | copy ELK ------------------------------------------------------------------------------------------------------------------------------------------------------------------------------------------------------------------- 56.48s
2023-10-28 06:16:08,016 p=12342 u=ska n=ansible | Remove specified repository from sources list ------------------------------------------------------------------------------------------------------------------------------------------------------------------------------ 16.18s
2023-10-28 06:16:08,016 p=12342 u=ska n=ansible | Remove specified repository from sources list ------------------------------------------------------------------------------------------------------------------------------------------------------------------------------- 3.80s
2023-10-28 06:16:08,016 p=12342 u=ska n=ansible | copy ssh keys --------------------------------------------------------------------------------------------------------------------------------------------------------------------------------------------------------------- 2.94s
2023-10-28 06:16:08,016 p=12342 u=ska n=ansible | Gathering Facts ------------------------------------------------------------------------------------------------------------------------------------------------------------------------------------------------------------- 2.48s
2023-10-28 06:16:08,016 p=12342 u=ska n=ansible | copy ansible.conf ----------------------------------------------------------------------------------------------------------------------------------------------------------------------------------------------------------- 2.38s
2023-10-28 06:16:08,017 p=12342 u=ska n=ansible | init ansible ---------------------------------------------------------------------------------------------------------------------------------------------------------------------------------------------------------------- 2.11s
2023-10-29 02:02:23,262 p=3098 u=ska n=ansible | [WARNING]: Invalid characters were found in group names but not replaced, use -vvvv to see details

2023-10-29 02:02:23,264 p=3098 u=ska n=ansible | [WARNING]: Found both group and host with same name: zabbix_server

2023-10-29 02:02:23,264 p=3098 u=ska n=ansible | [WARNING]: Found both group and host with same name: kibana

2023-10-29 02:02:23,506 p=3098 u=ska n=ansible | PLAY [bastion] ************************************************************************************************************************************************************************************************
2023-10-29 02:02:23,520 p=3098 u=ska n=ansible | TASK [Gathering Facts] ****************************************************************************************************************************************************************************************
2023-10-29 02:02:23,521 p=3098 u=ska n=ansible | Sunday 29 October 2023  02:02:23 -0400 (0:00:00.015)       0:00:00.016 ******** 
2023-10-29 02:03:23,541 p=3098 u=ska n=ansible | fatal: [bastion]: UNREACHABLE! => changed=false 
  msg: 'Failed to connect to the host via ssh: ssh: connect to host 51.250.43.91 port 22: Connection timed out'
  unreachable: true
2023-10-29 02:03:23,542 p=3098 u=ska n=ansible | PLAY RECAP ****************************************************************************************************************************************************************************************************
2023-10-29 02:03:23,542 p=3098 u=ska n=ansible | bastion                    : ok=0    changed=0    unreachable=1    failed=0    skipped=0    rescued=0    ignored=0   
2023-10-29 02:03:23,542 p=3098 u=ska n=ansible | Playbook run took 0 days, 0 hours, 1 minutes, 0 seconds
2023-10-29 02:03:23,542 p=3098 u=ska n=ansible | Sunday 29 October 2023  02:03:23 -0400 (0:01:00.021)       0:01:00.037 ******** 
2023-10-29 02:03:23,542 p=3098 u=ska n=ansible | =============================================================================== 
2023-10-29 02:03:23,543 p=3098 u=ska n=ansible | Gathering Facts --------------------------------------------------------------------------------------------------------------------------------------------------------------------------------------- 60.02s
2023-10-29 02:04:35,936 p=3175 u=ska n=ansible | [WARNING]: Invalid characters were found in group names but not replaced, use -vvvv to see details

2023-10-29 02:04:35,937 p=3175 u=ska n=ansible | [WARNING]: Found both group and host with same name: zabbix_server

2023-10-29 02:04:35,937 p=3175 u=ska n=ansible | [WARNING]: Found both group and host with same name: kibana

2023-10-29 02:04:36,059 p=3175 u=ska n=ansible | PLAY [bastion] ************************************************************************************************************************************************************************************************
2023-10-29 02:04:36,066 p=3175 u=ska n=ansible | TASK [Gathering Facts] ****************************************************************************************************************************************************************************************
2023-10-29 02:04:36,067 p=3175 u=ska n=ansible | Sunday 29 October 2023  02:04:36 -0400 (0:00:00.009)       0:00:00.009 ******** 
2023-10-29 02:04:39,001 p=3175 u=ska n=ansible | ok: [bastion]
2023-10-29 02:04:39,008 p=3175 u=ska n=ansible | TASK [add specified repository from sources list] *************************************************************************************************************************************************************
2023-10-29 02:04:39,008 p=3175 u=ska n=ansible | Sunday 29 October 2023  02:04:39 -0400 (0:00:02.941)       0:00:02.951 ******** 
2023-10-29 02:04:59,391 p=3175 u=ska n=ansible | changed: [bastion]
2023-10-29 02:04:59,395 p=3175 u=ska n=ansible | TASK [add specified repository from sources list] *************************************************************************************************************************************************************
2023-10-29 02:04:59,396 p=3175 u=ska n=ansible | Sunday 29 October 2023  02:04:59 -0400 (0:00:20.387)       0:00:23.338 ******** 
2023-10-29 02:05:04,736 p=3175 u=ska n=ansible | changed: [bastion]
2023-10-29 02:05:04,739 p=3175 u=ska n=ansible | TASK [Update and upgrade apt packages] ************************************************************************************************************************************************************************
2023-10-29 02:05:04,740 p=3175 u=ska n=ansible | Sunday 29 October 2023  02:05:04 -0400 (0:00:05.343)       0:00:28.682 ******** 
2023-10-29 02:06:57,325 p=3175 u=ska n=ansible | [WARNING]: The value "True" (type bool) was converted to "'True'" (type string). If this does not look like what you expect, quote the entire value to ensure it does not change.

2023-10-29 02:06:57,325 p=3175 u=ska n=ansible | changed: [bastion]
2023-10-29 02:06:57,329 p=3175 u=ska n=ansible | TASK [install ansible] ****************************************************************************************************************************************************************************************
2023-10-29 02:06:57,329 p=3175 u=ska n=ansible | Sunday 29 October 2023  02:06:57 -0400 (0:01:52.589)       0:02:21.272 ******** 
2023-10-29 02:08:13,043 p=3175 u=ska n=ansible | changed: [bastion]
2023-10-29 02:08:13,052 p=3175 u=ska n=ansible | TASK [init ansible] *******************************************************************************************************************************************************************************************
2023-10-29 02:08:13,053 p=3175 u=ska n=ansible | Sunday 29 October 2023  02:08:13 -0400 (0:01:15.723)       0:03:36.995 ******** 
2023-10-29 02:08:15,254 p=3175 u=ska n=ansible | changed: [bastion]
2023-10-29 02:08:15,263 p=3175 u=ska n=ansible | TASK [copy ansible.conf] **************************************************************************************************************************************************************************************
2023-10-29 02:08:15,264 p=3175 u=ska n=ansible | Sunday 29 October 2023  02:08:15 -0400 (0:00:02.210)       0:03:39.206 ******** 
2023-10-29 02:08:17,868 p=3175 u=ska n=ansible | changed: [bastion]
2023-10-29 02:08:17,872 p=3175 u=ska n=ansible | TASK [copy ssh keys] ******************************************************************************************************************************************************************************************
2023-10-29 02:08:17,872 p=3175 u=ska n=ansible | Sunday 29 October 2023  02:08:17 -0400 (0:00:02.608)       0:03:41.815 ******** 
2023-10-29 02:08:20,892 p=3175 u=ska n=ansible | changed: [bastion]
2023-10-29 02:08:20,896 p=3175 u=ska n=ansible | TASK [copy config] ********************************************************************************************************************************************************************************************
2023-10-29 02:08:20,896 p=3175 u=ska n=ansible | Sunday 29 October 2023  02:08:20 -0400 (0:00:03.024)       0:03:44.839 ******** 
2023-10-29 02:12:06,338 p=3175 u=ska n=ansible | changed: [bastion]
2023-10-29 02:12:06,346 p=3175 u=ska n=ansible | PLAY RECAP ****************************************************************************************************************************************************************************************************
2023-10-29 02:12:06,346 p=3175 u=ska n=ansible | bastion                    : ok=9    changed=8    unreachable=0    failed=0    skipped=0    rescued=0    ignored=0   
2023-10-29 02:12:06,346 p=3175 u=ska n=ansible | Playbook run took 0 days, 0 hours, 7 minutes, 30 seconds
2023-10-29 02:12:06,346 p=3175 u=ska n=ansible | Sunday 29 October 2023  02:12:06 -0400 (0:03:45.449)       0:07:30.289 ******** 
2023-10-29 02:12:06,346 p=3175 u=ska n=ansible | =============================================================================== 
2023-10-29 02:12:06,346 p=3175 u=ska n=ansible | copy config ------------------------------------------------------------------------------------------------------------------------------------------------------------------------------------------ 225.45s
2023-10-29 02:12:06,346 p=3175 u=ska n=ansible | Update and upgrade apt packages ---------------------------------------------------------------------------------------------------------------------------------------------------------------------- 112.59s
2023-10-29 02:12:06,347 p=3175 u=ska n=ansible | install ansible --------------------------------------------------------------------------------------------------------------------------------------------------------------------------------------- 75.72s
2023-10-29 02:12:06,347 p=3175 u=ska n=ansible | add specified repository from sources list ------------------------------------------------------------------------------------------------------------------------------------------------------------ 20.39s
2023-10-29 02:12:06,347 p=3175 u=ska n=ansible | add specified repository from sources list ------------------------------------------------------------------------------------------------------------------------------------------------------------- 5.34s
2023-10-29 02:12:06,347 p=3175 u=ska n=ansible | copy ssh keys ------------------------------------------------------------------------------------------------------------------------------------------------------------------------------------------ 3.02s
2023-10-29 02:12:06,347 p=3175 u=ska n=ansible | Gathering Facts ---------------------------------------------------------------------------------------------------------------------------------------------------------------------------------------- 2.94s
2023-10-29 02:12:06,347 p=3175 u=ska n=ansible | copy ansible.conf -------------------------------------------------------------------------------------------------------------------------------------------------------------------------------------- 2.61s
2023-10-29 02:12:06,347 p=3175 u=ska n=ansible | init ansible ------------------------------------------------------------------------------------------------------------------------------------------------------------------------------------------- 2.21s
2023-10-29 02:36:55,150 p=7237 u=ska n=ansible | [WARNING]: Invalid characters were found in group names but not replaced, use -vvvv to see details

2023-10-29 02:36:55,151 p=7237 u=ska n=ansible | [WARNING]: Found both group and host with same name: kibana

2023-10-29 02:36:55,152 p=7237 u=ska n=ansible | [WARNING]: Found both group and host with same name: zabbix_server

2023-10-29 02:36:55,275 p=7237 u=ska n=ansible | PLAY [bastion] ************************************************************************************************************************************************************************************************
2023-10-29 02:36:55,283 p=7237 u=ska n=ansible | TASK [Gathering Facts] ****************************************************************************************************************************************************************************************
2023-10-29 02:36:55,283 p=7237 u=ska n=ansible | Sunday 29 October 2023  02:36:55 -0400 (0:00:00.009)       0:00:00.009 ******** 
2023-10-29 02:36:57,891 p=7237 u=ska n=ansible | ok: [bastion]
2023-10-29 02:36:57,898 p=7237 u=ska n=ansible | TASK [add specified repository from sources list] *************************************************************************************************************************************************************
2023-10-29 02:36:57,899 p=7237 u=ska n=ansible | Sunday 29 October 2023  02:36:57 -0400 (0:00:02.615)       0:00:02.625 ******** 
2023-10-29 02:37:18,344 p=7237 u=ska n=ansible | changed: [bastion]
2023-10-29 02:37:18,349 p=7237 u=ska n=ansible | TASK [add specified repository from sources list] *************************************************************************************************************************************************************
2023-10-29 02:37:18,349 p=7237 u=ska n=ansible | Sunday 29 October 2023  02:37:18 -0400 (0:00:20.450)       0:00:23.075 ******** 
2023-10-29 02:37:22,549 p=7237 u=ska n=ansible | changed: [bastion]
2023-10-29 02:37:22,553 p=7237 u=ska n=ansible | TASK [Update and upgrade apt packages] ************************************************************************************************************************************************************************
2023-10-29 02:37:22,553 p=7237 u=ska n=ansible | Sunday 29 October 2023  02:37:22 -0400 (0:00:04.204)       0:00:27.279 ******** 
2023-10-29 02:39:13,813 p=7237 u=ska n=ansible | [WARNING]: The value "True" (type bool) was converted to "'True'" (type string). If this does not look like what you expect, quote the entire value to ensure it does not change.

2023-10-29 02:39:13,813 p=7237 u=ska n=ansible | changed: [bastion]
2023-10-29 02:39:13,818 p=7237 u=ska n=ansible | TASK [install ansible] ****************************************************************************************************************************************************************************************
2023-10-29 02:39:13,818 p=7237 u=ska n=ansible | Sunday 29 October 2023  02:39:13 -0400 (0:01:51.265)       0:02:18.544 ******** 
2023-10-29 02:40:28,765 p=7237 u=ska n=ansible | changed: [bastion]
2023-10-29 02:40:28,770 p=7237 u=ska n=ansible | TASK [init ansible] *******************************************************************************************************************************************************************************************
2023-10-29 02:40:28,770 p=7237 u=ska n=ansible | Sunday 29 October 2023  02:40:28 -0400 (0:01:14.951)       0:03:33.496 ******** 
2023-10-29 02:40:31,469 p=7237 u=ska n=ansible | changed: [bastion]
2023-10-29 02:40:31,473 p=7237 u=ska n=ansible | TASK [copy ansible.conf] **************************************************************************************************************************************************************************************
2023-10-29 02:40:31,473 p=7237 u=ska n=ansible | Sunday 29 October 2023  02:40:31 -0400 (0:00:02.703)       0:03:36.199 ******** 
2023-10-29 02:40:34,108 p=7237 u=ska n=ansible | changed: [bastion]
2023-10-29 02:40:34,112 p=7237 u=ska n=ansible | TASK [copy ssh keys] ******************************************************************************************************************************************************************************************
2023-10-29 02:40:34,113 p=7237 u=ska n=ansible | Sunday 29 October 2023  02:40:34 -0400 (0:00:02.639)       0:03:38.839 ******** 
2023-10-29 02:40:37,541 p=7237 u=ska n=ansible | changed: [bastion]
2023-10-29 02:40:37,544 p=7237 u=ska n=ansible | TASK [copy config] ********************************************************************************************************************************************************************************************
2023-10-29 02:40:37,544 p=7237 u=ska n=ansible | Sunday 29 October 2023  02:40:37 -0400 (0:00:03.431)       0:03:42.270 ******** 
2023-10-29 02:44:23,110 p=7237 u=ska n=ansible | changed: [bastion]
2023-10-29 02:44:23,117 p=7237 u=ska n=ansible | PLAY RECAP ****************************************************************************************************************************************************************************************************
2023-10-29 02:44:23,118 p=7237 u=ska n=ansible | bastion                    : ok=9    changed=8    unreachable=0    failed=0    skipped=0    rescued=0    ignored=0   
2023-10-29 02:44:23,118 p=7237 u=ska n=ansible | Playbook run took 0 days, 0 hours, 7 minutes, 27 seconds
2023-10-29 02:44:23,118 p=7237 u=ska n=ansible | Sunday 29 October 2023  02:44:23 -0400 (0:03:45.573)       0:07:27.844 ******** 
2023-10-29 02:44:23,118 p=7237 u=ska n=ansible | =============================================================================== 
2023-10-29 02:44:23,118 p=7237 u=ska n=ansible | copy config ------------------------------------------------------------------------------------------------------------------------------------------------------------------------------------------ 225.57s
2023-10-29 02:44:23,118 p=7237 u=ska n=ansible | Update and upgrade apt packages ---------------------------------------------------------------------------------------------------------------------------------------------------------------------- 111.27s
2023-10-29 02:44:23,119 p=7237 u=ska n=ansible | install ansible --------------------------------------------------------------------------------------------------------------------------------------------------------------------------------------- 74.95s
2023-10-29 02:44:23,119 p=7237 u=ska n=ansible | add specified repository from sources list ------------------------------------------------------------------------------------------------------------------------------------------------------------ 20.45s
2023-10-29 02:44:23,119 p=7237 u=ska n=ansible | add specified repository from sources list ------------------------------------------------------------------------------------------------------------------------------------------------------------- 4.20s
2023-10-29 02:44:23,119 p=7237 u=ska n=ansible | copy ssh keys ------------------------------------------------------------------------------------------------------------------------------------------------------------------------------------------ 3.43s
2023-10-29 02:44:23,119 p=7237 u=ska n=ansible | init ansible ------------------------------------------------------------------------------------------------------------------------------------------------------------------------------------------- 2.70s
2023-10-29 02:44:23,119 p=7237 u=ska n=ansible | copy ansible.conf -------------------------------------------------------------------------------------------------------------------------------------------------------------------------------------- 2.64s
2023-10-29 02:44:23,120 p=7237 u=ska n=ansible | Gathering Facts ---------------------------------------------------------------------------------------------------------------------------------------------------------------------------------------- 2.62s
2023-10-29 06:09:04,771 p=20844 u=ska n=ansible | [WARNING]: Invalid characters were found in group names but not replaced, use -vvvv to see details

2023-10-29 06:09:04,772 p=20844 u=ska n=ansible | [WARNING]: Found both group and host with same name: kibana

2023-10-29 06:09:04,772 p=20844 u=ska n=ansible | [WARNING]: Found both group and host with same name: zabbix_server

2023-10-29 06:09:04,897 p=20844 u=ska n=ansible | PLAY [bastion] ************************************************************************************************************************************************************************************************
2023-10-29 06:09:04,904 p=20844 u=ska n=ansible | TASK [Gathering Facts] ****************************************************************************************************************************************************************************************
2023-10-29 06:09:04,904 p=20844 u=ska n=ansible | Sunday 29 October 2023  06:09:04 -0400 (0:00:00.008)       0:00:00.008 ******** 
2023-10-29 06:09:07,874 p=20844 u=ska n=ansible | ok: [bastion]
2023-10-29 06:09:07,881 p=20844 u=ska n=ansible | TASK [add specified repository from sources list] *************************************************************************************************************************************************************
2023-10-29 06:09:07,881 p=20844 u=ska n=ansible | Sunday 29 October 2023  06:09:07 -0400 (0:00:02.977)       0:00:02.986 ******** 
2023-10-29 06:09:26,308 p=20844 u=ska n=ansible | changed: [bastion]
2023-10-29 06:09:26,313 p=20844 u=ska n=ansible | TASK [add specified repository from sources list] *************************************************************************************************************************************************************
2023-10-29 06:09:26,314 p=20844 u=ska n=ansible | Sunday 29 October 2023  06:09:26 -0400 (0:00:18.432)       0:00:21.418 ******** 
2023-10-29 06:09:29,899 p=20844 u=ska n=ansible | changed: [bastion]
2023-10-29 06:09:29,904 p=20844 u=ska n=ansible | TASK [Update and upgrade apt packages] ************************************************************************************************************************************************************************
2023-10-29 06:09:29,904 p=20844 u=ska n=ansible | Sunday 29 October 2023  06:09:29 -0400 (0:00:03.590)       0:00:25.009 ******** 
2023-10-29 06:09:34,215 p=20844 u=ska n=ansible | ok: [bastion]
2023-10-29 06:09:34,219 p=20844 u=ska n=ansible | TASK [install ansible] ****************************************************************************************************************************************************************************************
2023-10-29 06:09:34,220 p=20844 u=ska n=ansible | Sunday 29 October 2023  06:09:34 -0400 (0:00:04.315)       0:00:29.324 ******** 
2023-10-29 06:10:48,343 p=20844 u=ska n=ansible | changed: [bastion]
2023-10-29 06:10:48,347 p=20844 u=ska n=ansible | TASK [init ansible] *******************************************************************************************************************************************************************************************
2023-10-29 06:10:48,347 p=20844 u=ska n=ansible | Sunday 29 October 2023  06:10:48 -0400 (0:01:14.127)       0:01:43.451 ******** 
2023-10-29 06:10:50,339 p=20844 u=ska n=ansible | changed: [bastion]
2023-10-29 06:10:50,343 p=20844 u=ska n=ansible | TASK [copy ansible.conf] **************************************************************************************************************************************************************************************
2023-10-29 06:10:50,344 p=20844 u=ska n=ansible | Sunday 29 October 2023  06:10:50 -0400 (0:00:01.996)       0:01:45.448 ******** 
2023-10-29 06:10:52,854 p=20844 u=ska n=ansible | changed: [bastion]
2023-10-29 06:10:52,858 p=20844 u=ska n=ansible | TASK [copy ssh keys] ******************************************************************************************************************************************************************************************
2023-10-29 06:10:52,858 p=20844 u=ska n=ansible | Sunday 29 October 2023  06:10:52 -0400 (0:00:02.514)       0:01:47.962 ******** 
2023-10-29 06:10:55,896 p=20844 u=ska n=ansible | changed: [bastion]
2023-10-29 06:10:55,900 p=20844 u=ska n=ansible | TASK [copy config] ********************************************************************************************************************************************************************************************
2023-10-29 06:10:55,900 p=20844 u=ska n=ansible | Sunday 29 October 2023  06:10:55 -0400 (0:00:03.042)       0:01:51.005 ******** 
2023-10-29 06:14:36,209 p=20844 u=ska n=ansible | changed: [bastion]
2023-10-29 06:14:36,216 p=20844 u=ska n=ansible | PLAY RECAP ****************************************************************************************************************************************************************************************************
2023-10-29 06:14:36,217 p=20844 u=ska n=ansible | bastion                    : ok=9    changed=7    unreachable=0    failed=0    skipped=0    rescued=0    ignored=0   
2023-10-29 06:14:36,217 p=20844 u=ska n=ansible | Playbook run took 0 days, 0 hours, 5 minutes, 31 seconds
2023-10-29 06:14:36,217 p=20844 u=ska n=ansible | Sunday 29 October 2023  06:14:36 -0400 (0:03:40.316)       0:05:31.321 ******** 
2023-10-29 06:14:36,217 p=20844 u=ska n=ansible | =============================================================================== 
2023-10-29 06:14:36,217 p=20844 u=ska n=ansible | copy config ------------------------------------------------------------------------------------------------------------------------------------------------------------------------------------------ 220.32s
2023-10-29 06:14:36,217 p=20844 u=ska n=ansible | install ansible --------------------------------------------------------------------------------------------------------------------------------------------------------------------------------------- 74.13s
2023-10-29 06:14:36,218 p=20844 u=ska n=ansible | add specified repository from sources list ------------------------------------------------------------------------------------------------------------------------------------------------------------ 18.43s
2023-10-29 06:14:36,218 p=20844 u=ska n=ansible | Update and upgrade apt packages ------------------------------------------------------------------------------------------------------------------------------------------------------------------------ 4.32s
2023-10-29 06:14:36,218 p=20844 u=ska n=ansible | add specified repository from sources list ------------------------------------------------------------------------------------------------------------------------------------------------------------- 3.59s
2023-10-29 06:14:36,218 p=20844 u=ska n=ansible | copy ssh keys ------------------------------------------------------------------------------------------------------------------------------------------------------------------------------------------ 3.04s
2023-10-29 06:14:36,218 p=20844 u=ska n=ansible | Gathering Facts ---------------------------------------------------------------------------------------------------------------------------------------------------------------------------------------- 2.98s
2023-10-29 06:14:36,218 p=20844 u=ska n=ansible | copy ansible.conf -------------------------------------------------------------------------------------------------------------------------------------------------------------------------------------- 2.51s
2023-10-29 06:14:36,218 p=20844 u=ska n=ansible | init ansible ------------------------------------------------------------------------------------------------------------------------------------------------------------------------------------------- 2.00s
2023-10-31 09:56:23,392 p=3392 u=ska n=ansible | [WARNING]: Invalid characters were found in group names but not replaced, use -vvvv to see details

2023-10-31 09:56:23,394 p=3392 u=ska n=ansible | [WARNING]: Found both group and host with same name: zabbix_server

2023-10-31 09:56:23,394 p=3392 u=ska n=ansible | [WARNING]: Found both group and host with same name: kibana

2023-10-31 09:56:23,632 p=3392 u=ska n=ansible | PLAY [bastion] ************************************************************************************************************************************************************************************************
2023-10-31 09:56:23,643 p=3392 u=ska n=ansible | TASK [Gathering Facts] ****************************************************************************************************************************************************************************************
2023-10-31 09:56:23,644 p=3392 u=ska n=ansible | Tuesday 31 October 2023  09:56:23 -0400 (0:00:00.012)       0:00:00.013 ******* 
2023-10-31 09:56:26,886 p=3392 u=ska n=ansible | ok: [bastion]
2023-10-31 09:56:26,893 p=3392 u=ska n=ansible | TASK [add specified repository from sources list] *************************************************************************************************************************************************************
2023-10-31 09:56:26,893 p=3392 u=ska n=ansible | Tuesday 31 October 2023  09:56:26 -0400 (0:00:03.249)       0:00:03.262 ******* 
2023-10-31 09:56:46,895 p=3392 u=ska n=ansible | changed: [bastion]
2023-10-31 09:56:46,898 p=3392 u=ska n=ansible | TASK [add specified repository from sources list] *************************************************************************************************************************************************************
2023-10-31 09:56:46,899 p=3392 u=ska n=ansible | Tuesday 31 October 2023  09:56:46 -0400 (0:00:20.005)       0:00:23.268 ******* 
2023-10-31 09:56:51,388 p=3392 u=ska n=ansible | changed: [bastion]
2023-10-31 09:56:51,393 p=3392 u=ska n=ansible | TASK [Update and upgrade apt packages] ************************************************************************************************************************************************************************
2023-10-31 09:56:51,393 p=3392 u=ska n=ansible | Tuesday 31 October 2023  09:56:51 -0400 (0:00:04.494)       0:00:27.762 ******* 
2023-10-31 09:56:55,602 p=3392 u=ska n=ansible | ok: [bastion]
2023-10-31 09:56:55,607 p=3392 u=ska n=ansible | TASK [install ansible] ****************************************************************************************************************************************************************************************
2023-10-31 09:56:55,607 p=3392 u=ska n=ansible | Tuesday 31 October 2023  09:56:55 -0400 (0:00:04.214)       0:00:31.977 ******* 
2023-10-31 09:58:13,699 p=3392 u=ska n=ansible | changed: [bastion]
2023-10-31 09:58:13,708 p=3392 u=ska n=ansible | TASK [init ansible] *******************************************************************************************************************************************************************************************
2023-10-31 09:58:13,709 p=3392 u=ska n=ansible | Tuesday 31 October 2023  09:58:13 -0400 (0:01:18.101)       0:01:50.078 ******* 
2023-10-31 09:58:15,785 p=3392 u=ska n=ansible | changed: [bastion]
2023-10-31 09:58:15,796 p=3392 u=ska n=ansible | TASK [copy ansible.conf] **************************************************************************************************************************************************************************************
2023-10-31 09:58:15,796 p=3392 u=ska n=ansible | Tuesday 31 October 2023  09:58:15 -0400 (0:00:02.087)       0:01:52.165 ******* 
2023-10-31 09:58:18,423 p=3392 u=ska n=ansible | changed: [bastion]
2023-10-31 09:58:18,427 p=3392 u=ska n=ansible | TASK [copy ssh keys] ******************************************************************************************************************************************************************************************
2023-10-31 09:58:18,427 p=3392 u=ska n=ansible | Tuesday 31 October 2023  09:58:18 -0400 (0:00:02.631)       0:01:54.797 ******* 
2023-10-31 09:58:21,670 p=3392 u=ska n=ansible | changed: [bastion]
2023-10-31 09:58:21,673 p=3392 u=ska n=ansible | TASK [copy config] ********************************************************************************************************************************************************************************************
2023-10-31 09:58:21,674 p=3392 u=ska n=ansible | Tuesday 31 October 2023  09:58:21 -0400 (0:00:03.246)       0:01:58.043 ******* 
2023-10-31 10:02:18,143 p=3392 u=ska n=ansible | changed: [bastion]
2023-10-31 10:02:18,150 p=3392 u=ska n=ansible | PLAY RECAP ****************************************************************************************************************************************************************************************************
2023-10-31 10:02:18,150 p=3392 u=ska n=ansible | bastion                    : ok=9    changed=7    unreachable=0    failed=0    skipped=0    rescued=0    ignored=0   
2023-10-31 10:02:18,150 p=3392 u=ska n=ansible | Playbook run took 0 days, 0 hours, 5 minutes, 54 seconds
2023-10-31 10:02:18,150 p=3392 u=ska n=ansible | Tuesday 31 October 2023  10:02:18 -0400 (0:03:56.476)       0:05:54.520 ******* 
2023-10-31 10:02:18,150 p=3392 u=ska n=ansible | =============================================================================== 
2023-10-31 10:02:18,151 p=3392 u=ska n=ansible | copy config ------------------------------------------------------------------------------------------------------------------------------------------------------------------------------------------ 236.48s
2023-10-31 10:02:18,151 p=3392 u=ska n=ansible | install ansible --------------------------------------------------------------------------------------------------------------------------------------------------------------------------------------- 78.10s
2023-10-31 10:02:18,151 p=3392 u=ska n=ansible | add specified repository from sources list ------------------------------------------------------------------------------------------------------------------------------------------------------------ 20.01s
2023-10-31 10:02:18,151 p=3392 u=ska n=ansible | add specified repository from sources list ------------------------------------------------------------------------------------------------------------------------------------------------------------- 4.49s
2023-10-31 10:02:18,151 p=3392 u=ska n=ansible | Update and upgrade apt packages ------------------------------------------------------------------------------------------------------------------------------------------------------------------------ 4.21s
2023-10-31 10:02:18,151 p=3392 u=ska n=ansible | Gathering Facts ---------------------------------------------------------------------------------------------------------------------------------------------------------------------------------------- 3.25s
2023-10-31 10:02:18,151 p=3392 u=ska n=ansible | copy ssh keys ------------------------------------------------------------------------------------------------------------------------------------------------------------------------------------------ 3.25s
2023-10-31 10:02:18,151 p=3392 u=ska n=ansible | copy ansible.conf -------------------------------------------------------------------------------------------------------------------------------------------------------------------------------------- 2.63s
2023-10-31 10:02:18,151 p=3392 u=ska n=ansible | init ansible ------------------------------------------------------------------------------------------------------------------------------------------------------------------------------------------- 2.09s
2023-11-01 09:08:31,566 p=2856 u=ska n=ansible | [WARNING]: Invalid characters were found in group names but not replaced, use -vvvv to see details

2023-11-01 09:08:31,568 p=2856 u=ska n=ansible | [WARNING]: Found both group and host with same name: kibana

2023-11-01 09:08:31,568 p=2856 u=ska n=ansible | [WARNING]: Found both group and host with same name: zabbix_server

2023-11-01 09:08:31,800 p=2856 u=ska n=ansible | PLAY [bastion] ************************************************************************************************************************************************************************************************
2023-11-01 09:08:31,814 p=2856 u=ska n=ansible | TASK [Gathering Facts] ****************************************************************************************************************************************************************************************
2023-11-01 09:08:31,814 p=2856 u=ska n=ansible | Wednesday 01 November 2023  09:08:31 -0400 (0:00:00.015)       0:00:00.015 **** 
2023-11-01 09:08:34,307 p=2856 u=ska n=ansible | ok: [bastion]
2023-11-01 09:08:34,318 p=2856 u=ska n=ansible | TASK [add specified repository from sources list] *************************************************************************************************************************************************************
2023-11-01 09:08:34,318 p=2856 u=ska n=ansible | Wednesday 01 November 2023  09:08:34 -0400 (0:00:02.503)       0:00:02.519 **** 
2023-11-01 09:08:51,682 p=2856 u=ska n=ansible | changed: [bastion]
2023-11-01 09:08:51,686 p=2856 u=ska n=ansible | TASK [add specified repository from sources list] *************************************************************************************************************************************************************
2023-11-01 09:08:51,686 p=2856 u=ska n=ansible | Wednesday 01 November 2023  09:08:51 -0400 (0:00:17.368)       0:00:19.887 **** 
2023-11-01 09:08:55,566 p=2856 u=ska n=ansible | changed: [bastion]
2023-11-01 09:08:55,570 p=2856 u=ska n=ansible | TASK [Update and upgrade apt packages] ************************************************************************************************************************************************************************
2023-11-01 09:08:55,570 p=2856 u=ska n=ansible | Wednesday 01 November 2023  09:08:55 -0400 (0:00:03.883)       0:00:23.771 **** 
2023-11-01 09:08:59,248 p=2856 u=ska n=ansible | ok: [bastion]
2023-11-01 09:08:59,251 p=2856 u=ska n=ansible | TASK [install ansible] ****************************************************************************************************************************************************************************************
2023-11-01 09:08:59,252 p=2856 u=ska n=ansible | Wednesday 01 November 2023  09:08:59 -0400 (0:00:03.681)       0:00:27.452 **** 
2023-11-01 09:10:07,447 p=2856 u=ska n=ansible | changed: [bastion]
2023-11-01 09:10:07,456 p=2856 u=ska n=ansible | TASK [init ansible] *******************************************************************************************************************************************************************************************
2023-11-01 09:10:07,456 p=2856 u=ska n=ansible | Wednesday 01 November 2023  09:10:07 -0400 (0:01:08.204)       0:01:35.657 **** 
2023-11-01 09:10:09,406 p=2856 u=ska n=ansible | changed: [bastion]
2023-11-01 09:10:09,416 p=2856 u=ska n=ansible | TASK [copy ansible.conf] **************************************************************************************************************************************************************************************
2023-11-01 09:10:09,417 p=2856 u=ska n=ansible | Wednesday 01 November 2023  09:10:09 -0400 (0:00:01.960)       0:01:37.617 **** 
2023-11-01 09:10:11,877 p=2856 u=ska n=ansible | changed: [bastion]
2023-11-01 09:10:11,882 p=2856 u=ska n=ansible | TASK [copy ssh keys] ******************************************************************************************************************************************************************************************
2023-11-01 09:10:11,882 p=2856 u=ska n=ansible | Wednesday 01 November 2023  09:10:11 -0400 (0:00:02.465)       0:01:40.083 **** 
2023-11-01 09:10:15,066 p=2856 u=ska n=ansible | changed: [bastion]
2023-11-01 09:10:15,070 p=2856 u=ska n=ansible | TASK [copy config] ********************************************************************************************************************************************************************************************
2023-11-01 09:10:15,070 p=2856 u=ska n=ansible | Wednesday 01 November 2023  09:10:15 -0400 (0:00:03.188)       0:01:43.271 **** 
2023-11-01 09:13:46,047 p=2856 u=ska n=ansible | changed: [bastion]
2023-11-01 09:13:46,054 p=2856 u=ska n=ansible | PLAY RECAP ****************************************************************************************************************************************************************************************************
2023-11-01 09:13:46,055 p=2856 u=ska n=ansible | bastion                    : ok=9    changed=7    unreachable=0    failed=0    skipped=0    rescued=0    ignored=0   
2023-11-01 09:13:46,055 p=2856 u=ska n=ansible | Playbook run took 0 days, 0 hours, 5 minutes, 14 seconds
2023-11-01 09:13:46,055 p=2856 u=ska n=ansible | Wednesday 01 November 2023  09:13:46 -0400 (0:03:30.984)       0:05:14.256 **** 
2023-11-01 09:13:46,055 p=2856 u=ska n=ansible | =============================================================================== 
2023-11-01 09:13:46,055 p=2856 u=ska n=ansible | copy config ------------------------------------------------------------------------------------------------------------------------------------------------------------------------------------------ 210.99s
2023-11-01 09:13:46,056 p=2856 u=ska n=ansible | install ansible --------------------------------------------------------------------------------------------------------------------------------------------------------------------------------------- 68.20s
2023-11-01 09:13:46,056 p=2856 u=ska n=ansible | add specified repository from sources list ------------------------------------------------------------------------------------------------------------------------------------------------------------ 17.37s
2023-11-01 09:13:46,056 p=2856 u=ska n=ansible | add specified repository from sources list ------------------------------------------------------------------------------------------------------------------------------------------------------------- 3.88s
2023-11-01 09:13:46,056 p=2856 u=ska n=ansible | Update and upgrade apt packages ------------------------------------------------------------------------------------------------------------------------------------------------------------------------ 3.68s
2023-11-01 09:13:46,056 p=2856 u=ska n=ansible | copy ssh keys ------------------------------------------------------------------------------------------------------------------------------------------------------------------------------------------ 3.19s
2023-11-01 09:13:46,056 p=2856 u=ska n=ansible | Gathering Facts ---------------------------------------------------------------------------------------------------------------------------------------------------------------------------------------- 2.50s
2023-11-01 09:13:46,057 p=2856 u=ska n=ansible | copy ansible.conf -------------------------------------------------------------------------------------------------------------------------------------------------------------------------------------- 2.47s
2023-11-01 09:13:46,057 p=2856 u=ska n=ansible | init ansible ------------------------------------------------------------------------------------------------------------------------------------------------------------------------------------------- 1.96s
2023-11-01 10:45:58,784 p=10171 u=ska n=ansible | [WARNING]: Invalid characters were found in group names but not replaced, use -vvvv to see details

2023-11-01 10:45:58,785 p=10171 u=ska n=ansible | [WARNING]: Found both group and host with same name: zabbix_server

2023-11-01 10:45:58,785 p=10171 u=ska n=ansible | [WARNING]: Found both group and host with same name: kibana

2023-11-01 10:45:58,900 p=10171 u=ska n=ansible | PLAY [bastion] ************************************************************************************************************************************************************************************************
2023-11-01 10:45:58,907 p=10171 u=ska n=ansible | TASK [Gathering Facts] ****************************************************************************************************************************************************************************************
2023-11-01 10:45:58,907 p=10171 u=ska n=ansible | Wednesday 01 November 2023  10:45:58 -0400 (0:00:00.008)       0:00:00.008 **** 
2023-11-01 10:46:02,133 p=10171 u=ska n=ansible | ok: [bastion]
2023-11-01 10:46:02,140 p=10171 u=ska n=ansible | TASK [add specified repository from sources list] *************************************************************************************************************************************************************
2023-11-01 10:46:02,140 p=10171 u=ska n=ansible | Wednesday 01 November 2023  10:46:02 -0400 (0:00:03.233)       0:00:03.242 **** 
2023-11-01 10:46:21,306 p=10171 u=ska n=ansible | changed: [bastion]
2023-11-01 10:46:21,310 p=10171 u=ska n=ansible | TASK [add specified repository from sources list] *************************************************************************************************************************************************************
2023-11-01 10:46:21,310 p=10171 u=ska n=ansible | Wednesday 01 November 2023  10:46:21 -0400 (0:00:19.169)       0:00:22.411 **** 
2023-11-01 10:46:26,350 p=10171 u=ska n=ansible | changed: [bastion]
2023-11-01 10:46:26,353 p=10171 u=ska n=ansible | TASK [Update and upgrade apt packages] ************************************************************************************************************************************************************************
2023-11-01 10:46:26,354 p=10171 u=ska n=ansible | Wednesday 01 November 2023  10:46:26 -0400 (0:00:05.043)       0:00:27.455 **** 
2023-11-01 10:46:31,165 p=10171 u=ska n=ansible | ok: [bastion]
2023-11-01 10:46:31,169 p=10171 u=ska n=ansible | TASK [install ansible] ****************************************************************************************************************************************************************************************
2023-11-01 10:46:31,169 p=10171 u=ska n=ansible | Wednesday 01 November 2023  10:46:31 -0400 (0:00:04.815)       0:00:32.271 **** 
2023-11-01 10:47:45,102 p=10171 u=ska n=ansible | changed: [bastion]
2023-11-01 10:47:45,107 p=10171 u=ska n=ansible | TASK [init ansible] *******************************************************************************************************************************************************************************************
2023-11-01 10:47:45,107 p=10171 u=ska n=ansible | Wednesday 01 November 2023  10:47:45 -0400 (0:01:13.937)       0:01:46.208 **** 
2023-11-01 10:47:47,251 p=10171 u=ska n=ansible | changed: [bastion]
2023-11-01 10:47:47,256 p=10171 u=ska n=ansible | TASK [copy ansible.conf] **************************************************************************************************************************************************************************************
2023-11-01 10:47:47,256 p=10171 u=ska n=ansible | Wednesday 01 November 2023  10:47:47 -0400 (0:00:02.149)       0:01:48.357 **** 
2023-11-01 10:47:49,982 p=10171 u=ska n=ansible | changed: [bastion]
2023-11-01 10:47:49,986 p=10171 u=ska n=ansible | TASK [copy ssh keys] ******************************************************************************************************************************************************************************************
2023-11-01 10:47:49,986 p=10171 u=ska n=ansible | Wednesday 01 November 2023  10:47:49 -0400 (0:00:02.729)       0:01:51.087 **** 
2023-11-01 10:47:53,911 p=10171 u=ska n=ansible | changed: [bastion]
2023-11-01 10:47:53,914 p=10171 u=ska n=ansible | TASK [copy config] ********************************************************************************************************************************************************************************************
2023-11-01 10:47:53,914 p=10171 u=ska n=ansible | Wednesday 01 November 2023  10:47:53 -0400 (0:00:03.928)       0:01:55.016 **** 
2023-11-01 10:51:44,297 p=10171 u=ska n=ansible | changed: [bastion]
2023-11-01 10:51:44,307 p=10171 u=ska n=ansible | PLAY RECAP ****************************************************************************************************************************************************************************************************
2023-11-01 10:51:44,307 p=10171 u=ska n=ansible | bastion                    : ok=9    changed=7    unreachable=0    failed=0    skipped=0    rescued=0    ignored=0   
2023-11-01 10:51:44,308 p=10171 u=ska n=ansible | Playbook run took 0 days, 0 hours, 5 minutes, 45 seconds
2023-11-01 10:51:44,308 p=10171 u=ska n=ansible | Wednesday 01 November 2023  10:51:44 -0400 (0:03:50.393)       0:05:45.409 **** 
2023-11-01 10:51:44,308 p=10171 u=ska n=ansible | =============================================================================== 
2023-11-01 10:51:44,308 p=10171 u=ska n=ansible | copy config ------------------------------------------------------------------------------------------------------------------------------------------------------------------------------------------ 230.39s
2023-11-01 10:51:44,308 p=10171 u=ska n=ansible | install ansible --------------------------------------------------------------------------------------------------------------------------------------------------------------------------------------- 73.94s
2023-11-01 10:51:44,308 p=10171 u=ska n=ansible | add specified repository from sources list ------------------------------------------------------------------------------------------------------------------------------------------------------------ 19.17s
2023-11-01 10:51:44,308 p=10171 u=ska n=ansible | add specified repository from sources list ------------------------------------------------------------------------------------------------------------------------------------------------------------- 5.04s
2023-11-01 10:51:44,308 p=10171 u=ska n=ansible | Update and upgrade apt packages ------------------------------------------------------------------------------------------------------------------------------------------------------------------------ 4.82s
2023-11-01 10:51:44,308 p=10171 u=ska n=ansible | copy ssh keys ------------------------------------------------------------------------------------------------------------------------------------------------------------------------------------------ 3.93s
2023-11-01 10:51:44,308 p=10171 u=ska n=ansible | Gathering Facts ---------------------------------------------------------------------------------------------------------------------------------------------------------------------------------------- 3.23s
2023-11-01 10:51:44,309 p=10171 u=ska n=ansible | copy ansible.conf -------------------------------------------------------------------------------------------------------------------------------------------------------------------------------------- 2.73s
2023-11-01 10:51:44,309 p=10171 u=ska n=ansible | init ansible ------------------------------------------------------------------------------------------------------------------------------------------------------------------------------------------- 2.15s
2023-11-02 01:17:49,060 p=3163 u=ska n=ansible | [WARNING]: Invalid characters were found in group names but not replaced, use -vvvv to see details

2023-11-02 01:17:49,062 p=3163 u=ska n=ansible | [WARNING]: Found both group and host with same name: zabbix_server

2023-11-02 01:17:49,062 p=3163 u=ska n=ansible | [WARNING]: Found both group and host with same name: kibana

2023-11-02 01:17:49,296 p=3163 u=ska n=ansible | PLAY [bastion] ************************************************************************************************************************************************************************************************
2023-11-02 01:17:49,307 p=3163 u=ska n=ansible | TASK [Gathering Facts] ****************************************************************************************************************************************************************************************
2023-11-02 01:17:49,308 p=3163 u=ska n=ansible | Thursday 02 November 2023  01:17:49 -0400 (0:00:00.013)       0:00:00.013 ***** 
2023-11-02 01:17:52,088 p=3163 u=ska n=ansible | ok: [bastion]
2023-11-02 01:17:52,095 p=3163 u=ska n=ansible | TASK [add specified repository from sources list] *************************************************************************************************************************************************************
2023-11-02 01:17:52,095 p=3163 u=ska n=ansible | Thursday 02 November 2023  01:17:52 -0400 (0:00:02.787)       0:00:02.800 ***** 
2023-11-02 01:18:12,109 p=3163 u=ska n=ansible | changed: [bastion]
2023-11-02 01:18:12,113 p=3163 u=ska n=ansible | TASK [add specified repository from sources list] *************************************************************************************************************************************************************
2023-11-02 01:18:12,113 p=3163 u=ska n=ansible | Thursday 02 November 2023  01:18:12 -0400 (0:00:20.018)       0:00:22.818 ***** 
2023-11-02 01:18:16,751 p=3163 u=ska n=ansible | changed: [bastion]
2023-11-02 01:18:16,756 p=3163 u=ska n=ansible | TASK [Update and upgrade apt packages] ************************************************************************************************************************************************************************
2023-11-02 01:18:16,756 p=3163 u=ska n=ansible | Thursday 02 November 2023  01:18:16 -0400 (0:00:04.642)       0:00:27.461 ***** 
2023-11-02 01:18:20,984 p=3163 u=ska n=ansible | ok: [bastion]
2023-11-02 01:18:20,988 p=3163 u=ska n=ansible | TASK [install ansible] ****************************************************************************************************************************************************************************************
2023-11-02 01:18:20,988 p=3163 u=ska n=ansible | Thursday 02 November 2023  01:18:20 -0400 (0:00:04.231)       0:00:31.693 ***** 
2023-11-02 01:19:37,303 p=3163 u=ska n=ansible | changed: [bastion]
2023-11-02 01:19:37,312 p=3163 u=ska n=ansible | TASK [init ansible] *******************************************************************************************************************************************************************************************
2023-11-02 01:19:37,312 p=3163 u=ska n=ansible | Thursday 02 November 2023  01:19:37 -0400 (0:01:16.324)       0:01:48.018 ***** 
2023-11-02 01:19:41,474 p=3163 u=ska n=ansible | changed: [bastion]
2023-11-02 01:19:41,484 p=3163 u=ska n=ansible | TASK [copy ansible.conf] **************************************************************************************************************************************************************************************
2023-11-02 01:19:41,484 p=3163 u=ska n=ansible | Thursday 02 November 2023  01:19:41 -0400 (0:00:04.171)       0:01:52.189 ***** 
2023-11-02 01:19:43,904 p=3163 u=ska n=ansible | changed: [bastion]
2023-11-02 01:19:43,909 p=3163 u=ska n=ansible | TASK [copy ssh keys] ******************************************************************************************************************************************************************************************
2023-11-02 01:19:43,909 p=3163 u=ska n=ansible | Thursday 02 November 2023  01:19:43 -0400 (0:00:02.425)       0:01:54.614 ***** 
2023-11-02 01:19:46,937 p=3163 u=ska n=ansible | changed: [bastion]
2023-11-02 01:19:46,940 p=3163 u=ska n=ansible | TASK [copy config] ********************************************************************************************************************************************************************************************
2023-11-02 01:19:46,941 p=3163 u=ska n=ansible | Thursday 02 November 2023  01:19:46 -0400 (0:00:03.031)       0:01:57.646 ***** 
2023-11-02 01:23:26,908 p=3163 u=ska n=ansible | changed: [bastion]
2023-11-02 01:23:26,916 p=3163 u=ska n=ansible | PLAY RECAP ****************************************************************************************************************************************************************************************************
2023-11-02 01:23:26,916 p=3163 u=ska n=ansible | bastion                    : ok=9    changed=7    unreachable=0    failed=0    skipped=0    rescued=0    ignored=0   
2023-11-02 01:23:26,916 p=3163 u=ska n=ansible | Playbook run took 0 days, 0 hours, 5 minutes, 37 seconds
2023-11-02 01:23:26,917 p=3163 u=ska n=ansible | Thursday 02 November 2023  01:23:26 -0400 (0:03:39.975)       0:05:37.622 ***** 
2023-11-02 01:23:26,917 p=3163 u=ska n=ansible | =============================================================================== 
2023-11-02 01:23:26,917 p=3163 u=ska n=ansible | copy config ------------------------------------------------------------------------------------------------------------------------------------------------------------------------------------------ 219.98s
2023-11-02 01:23:26,917 p=3163 u=ska n=ansible | install ansible --------------------------------------------------------------------------------------------------------------------------------------------------------------------------------------- 76.32s
2023-11-02 01:23:26,917 p=3163 u=ska n=ansible | add specified repository from sources list ------------------------------------------------------------------------------------------------------------------------------------------------------------ 20.02s
2023-11-02 01:23:26,917 p=3163 u=ska n=ansible | add specified repository from sources list ------------------------------------------------------------------------------------------------------------------------------------------------------------- 4.64s
2023-11-02 01:23:26,917 p=3163 u=ska n=ansible | Update and upgrade apt packages ------------------------------------------------------------------------------------------------------------------------------------------------------------------------ 4.23s
2023-11-02 01:23:26,918 p=3163 u=ska n=ansible | init ansible ------------------------------------------------------------------------------------------------------------------------------------------------------------------------------------------- 4.17s
2023-11-02 01:23:26,918 p=3163 u=ska n=ansible | copy ssh keys ------------------------------------------------------------------------------------------------------------------------------------------------------------------------------------------ 3.03s
2023-11-02 01:23:26,918 p=3163 u=ska n=ansible | Gathering Facts ---------------------------------------------------------------------------------------------------------------------------------------------------------------------------------------- 2.79s
2023-11-02 01:23:26,918 p=3163 u=ska n=ansible | copy ansible.conf -------------------------------------------------------------------------------------------------------------------------------------------------------------------------------------- 2.43s
2023-11-02 02:27:36,729 p=10692 u=ska n=ansible | [WARNING]: Invalid characters were found in group names but not replaced, use -vvvv to see details

2023-11-02 02:27:36,730 p=10692 u=ska n=ansible | [WARNING]: Found both group and host with same name: zabbix_server

2023-11-02 02:27:36,730 p=10692 u=ska n=ansible | [WARNING]: Found both group and host with same name: kibana

2023-11-02 02:27:36,847 p=10692 u=ska n=ansible | PLAY [bastion] ************************************************************************************************************************************************************************************************
2023-11-02 02:27:36,854 p=10692 u=ska n=ansible | TASK [Gathering Facts] ****************************************************************************************************************************************************************************************
2023-11-02 02:27:36,854 p=10692 u=ska n=ansible | Thursday 02 November 2023  02:27:36 -0400 (0:00:00.008)       0:00:00.008 ***** 
2023-11-02 02:27:39,577 p=10692 u=ska n=ansible | ok: [bastion]
2023-11-02 02:27:39,583 p=10692 u=ska n=ansible | TASK [add specified repository from sources list] *************************************************************************************************************************************************************
2023-11-02 02:27:39,583 p=10692 u=ska n=ansible | Thursday 02 November 2023  02:27:39 -0400 (0:00:02.729)       0:00:02.738 ***** 
2023-11-02 02:27:59,541 p=10692 u=ska n=ansible | changed: [bastion]
2023-11-02 02:27:59,544 p=10692 u=ska n=ansible | TASK [add specified repository from sources list] *************************************************************************************************************************************************************
2023-11-02 02:27:59,545 p=10692 u=ska n=ansible | Thursday 02 November 2023  02:27:59 -0400 (0:00:19.961)       0:00:22.699 ***** 
2023-11-02 02:28:04,235 p=10692 u=ska n=ansible | changed: [bastion]
2023-11-02 02:28:04,239 p=10692 u=ska n=ansible | TASK [Update and upgrade apt packages] ************************************************************************************************************************************************************************
2023-11-02 02:28:04,239 p=10692 u=ska n=ansible | Thursday 02 November 2023  02:28:04 -0400 (0:00:04.694)       0:00:27.393 ***** 
2023-11-02 02:28:09,146 p=10692 u=ska n=ansible | ok: [bastion]
2023-11-02 02:28:09,151 p=10692 u=ska n=ansible | TASK [install ansible] ****************************************************************************************************************************************************************************************
2023-11-02 02:28:09,151 p=10692 u=ska n=ansible | Thursday 02 November 2023  02:28:09 -0400 (0:00:04.912)       0:00:32.305 ***** 
2023-11-02 02:29:25,924 p=10692 u=ska n=ansible | changed: [bastion]
2023-11-02 02:29:25,928 p=10692 u=ska n=ansible | TASK [init ansible] *******************************************************************************************************************************************************************************************
2023-11-02 02:29:25,928 p=10692 u=ska n=ansible | Thursday 02 November 2023  02:29:25 -0400 (0:01:16.777)       0:01:49.082 ***** 
2023-11-02 02:29:28,028 p=10692 u=ska n=ansible | changed: [bastion]
2023-11-02 02:29:28,032 p=10692 u=ska n=ansible | TASK [copy ansible.conf] **************************************************************************************************************************************************************************************
2023-11-02 02:29:28,032 p=10692 u=ska n=ansible | Thursday 02 November 2023  02:29:28 -0400 (0:00:02.103)       0:01:51.186 ***** 
2023-11-02 02:29:30,708 p=10692 u=ska n=ansible | changed: [bastion]
2023-11-02 02:29:30,713 p=10692 u=ska n=ansible | TASK [copy ssh keys] ******************************************************************************************************************************************************************************************
2023-11-02 02:29:30,714 p=10692 u=ska n=ansible | Thursday 02 November 2023  02:29:30 -0400 (0:00:02.681)       0:01:53.868 ***** 
2023-11-02 02:29:33,817 p=10692 u=ska n=ansible | changed: [bastion]
2023-11-02 02:29:33,821 p=10692 u=ska n=ansible | TASK [copy config] ********************************************************************************************************************************************************************************************
2023-11-02 02:29:33,821 p=10692 u=ska n=ansible | Thursday 02 November 2023  02:29:33 -0400 (0:00:03.107)       0:01:56.975 ***** 
2023-11-02 02:33:12,440 p=10692 u=ska n=ansible | changed: [bastion]
2023-11-02 02:33:12,447 p=10692 u=ska n=ansible | PLAY RECAP ****************************************************************************************************************************************************************************************************
2023-11-02 02:33:12,447 p=10692 u=ska n=ansible | bastion                    : ok=9    changed=7    unreachable=0    failed=0    skipped=0    rescued=0    ignored=0   
2023-11-02 02:33:12,448 p=10692 u=ska n=ansible | Playbook run took 0 days, 0 hours, 5 minutes, 35 seconds
2023-11-02 02:33:12,448 p=10692 u=ska n=ansible | Thursday 02 November 2023  02:33:12 -0400 (0:03:38.626)       0:05:35.602 ***** 
2023-11-02 02:33:12,448 p=10692 u=ska n=ansible | =============================================================================== 
2023-11-02 02:33:12,448 p=10692 u=ska n=ansible | copy config ------------------------------------------------------------------------------------------------------------------------------------------------------------------------------------------ 218.63s
2023-11-02 02:33:12,448 p=10692 u=ska n=ansible | install ansible --------------------------------------------------------------------------------------------------------------------------------------------------------------------------------------- 76.78s
2023-11-02 02:33:12,448 p=10692 u=ska n=ansible | add specified repository from sources list ------------------------------------------------------------------------------------------------------------------------------------------------------------ 19.96s
2023-11-02 02:33:12,448 p=10692 u=ska n=ansible | Update and upgrade apt packages ------------------------------------------------------------------------------------------------------------------------------------------------------------------------ 4.91s
2023-11-02 02:33:12,449 p=10692 u=ska n=ansible | add specified repository from sources list ------------------------------------------------------------------------------------------------------------------------------------------------------------- 4.69s
2023-11-02 02:33:12,449 p=10692 u=ska n=ansible | copy ssh keys ------------------------------------------------------------------------------------------------------------------------------------------------------------------------------------------ 3.11s
2023-11-02 02:33:12,449 p=10692 u=ska n=ansible | Gathering Facts ---------------------------------------------------------------------------------------------------------------------------------------------------------------------------------------- 2.73s
2023-11-02 02:33:12,449 p=10692 u=ska n=ansible | copy ansible.conf -------------------------------------------------------------------------------------------------------------------------------------------------------------------------------------- 2.68s
2023-11-02 02:33:12,449 p=10692 u=ska n=ansible | init ansible ------------------------------------------------------------------------------------------------------------------------------------------------------------------------------------------- 2.10s
2023-11-02 03:30:50,319 p=21697 u=ska n=ansible | [WARNING]: Invalid characters were found in group names but not replaced, use -vvvv to see details

2023-11-02 03:30:50,320 p=21697 u=ska n=ansible | [WARNING]: Found both group and host with same name: kibana

2023-11-02 03:30:50,320 p=21697 u=ska n=ansible | [WARNING]: Found both group and host with same name: zabbix_server

2023-11-02 03:30:50,432 p=21697 u=ska n=ansible | PLAY [bastion] ************************************************************************************************************************************************************************************************
2023-11-02 03:30:50,437 p=21697 u=ska n=ansible | TASK [Gathering Facts] ****************************************************************************************************************************************************************************************
2023-11-02 03:30:50,438 p=21697 u=ska n=ansible | Thursday 02 November 2023  03:30:50 -0400 (0:00:00.007)       0:00:00.007 ***** 
2023-11-02 03:30:52,795 p=21697 u=ska n=ansible | ok: [bastion]
2023-11-02 03:30:52,804 p=21697 u=ska n=ansible | TASK [add specified repository from sources list] *************************************************************************************************************************************************************
2023-11-02 03:30:52,804 p=21697 u=ska n=ansible | Thursday 02 November 2023  03:30:52 -0400 (0:00:02.366)       0:00:02.373 ***** 
2023-11-02 03:30:59,518 p=21697 u=ska n=ansible | changed: [bastion]
2023-11-02 03:30:59,522 p=21697 u=ska n=ansible | TASK [add specified repository from sources list] *************************************************************************************************************************************************************
2023-11-02 03:30:59,523 p=21697 u=ska n=ansible | Thursday 02 November 2023  03:30:59 -0400 (0:00:06.718)       0:00:09.092 ***** 
2023-11-02 03:31:03,392 p=21697 u=ska n=ansible | changed: [bastion]
2023-11-02 03:31:03,396 p=21697 u=ska n=ansible | TASK [Update and upgrade apt packages] ************************************************************************************************************************************************************************
2023-11-02 03:31:03,397 p=21697 u=ska n=ansible | Thursday 02 November 2023  03:31:03 -0400 (0:00:03.873)       0:00:12.966 ***** 
2023-11-02 03:31:06,210 p=21697 u=ska n=ansible | ok: [bastion]
2023-11-02 03:31:06,214 p=21697 u=ska n=ansible | TASK [install ansible] ****************************************************************************************************************************************************************************************
2023-11-02 03:31:06,214 p=21697 u=ska n=ansible | Thursday 02 November 2023  03:31:06 -0400 (0:00:02.817)       0:00:15.784 ***** 
2023-11-02 03:32:12,253 p=21697 u=ska n=ansible | changed: [bastion]
2023-11-02 03:32:12,257 p=21697 u=ska n=ansible | TASK [init ansible] *******************************************************************************************************************************************************************************************
2023-11-02 03:32:12,257 p=21697 u=ska n=ansible | Thursday 02 November 2023  03:32:12 -0400 (0:01:06.042)       0:01:21.827 ***** 
2023-11-02 03:32:14,035 p=21697 u=ska n=ansible | changed: [bastion]
2023-11-02 03:32:14,039 p=21697 u=ska n=ansible | TASK [copy ansible.conf] **************************************************************************************************************************************************************************************
2023-11-02 03:32:14,040 p=21697 u=ska n=ansible | Thursday 02 November 2023  03:32:14 -0400 (0:00:01.782)       0:01:23.609 ***** 
2023-11-02 03:32:16,469 p=21697 u=ska n=ansible | changed: [bastion]
2023-11-02 03:32:16,473 p=21697 u=ska n=ansible | TASK [copy ssh keys] ******************************************************************************************************************************************************************************************
2023-11-02 03:32:16,473 p=21697 u=ska n=ansible | Thursday 02 November 2023  03:32:16 -0400 (0:00:02.433)       0:01:26.042 ***** 
2023-11-02 03:32:19,441 p=21697 u=ska n=ansible | changed: [bastion]
2023-11-02 03:32:19,445 p=21697 u=ska n=ansible | TASK [copy config] ********************************************************************************************************************************************************************************************
2023-11-02 03:32:19,446 p=21697 u=ska n=ansible | Thursday 02 November 2023  03:32:19 -0400 (0:00:02.972)       0:01:29.015 ***** 
2023-11-02 03:35:44,206 p=21697 u=ska n=ansible | changed: [bastion]
2023-11-02 03:35:44,213 p=21697 u=ska n=ansible | PLAY RECAP ****************************************************************************************************************************************************************************************************
2023-11-02 03:35:44,213 p=21697 u=ska n=ansible | bastion                    : ok=9    changed=7    unreachable=0    failed=0    skipped=0    rescued=0    ignored=0   
2023-11-02 03:35:44,213 p=21697 u=ska n=ansible | Playbook run took 0 days, 0 hours, 4 minutes, 53 seconds
2023-11-02 03:35:44,213 p=21697 u=ska n=ansible | Thursday 02 November 2023  03:35:44 -0400 (0:03:24.767)       0:04:53.783 ***** 
2023-11-02 03:35:44,213 p=21697 u=ska n=ansible | =============================================================================== 
2023-11-02 03:35:44,213 p=21697 u=ska n=ansible | copy config ------------------------------------------------------------------------------------------------------------------------------------------------------------------------------------------ 204.77s
2023-11-02 03:35:44,214 p=21697 u=ska n=ansible | install ansible --------------------------------------------------------------------------------------------------------------------------------------------------------------------------------------- 66.04s
2023-11-02 03:35:44,214 p=21697 u=ska n=ansible | add specified repository from sources list ------------------------------------------------------------------------------------------------------------------------------------------------------------- 6.72s
2023-11-02 03:35:44,214 p=21697 u=ska n=ansible | add specified repository from sources list ------------------------------------------------------------------------------------------------------------------------------------------------------------- 3.87s
2023-11-02 03:35:44,214 p=21697 u=ska n=ansible | copy ssh keys ------------------------------------------------------------------------------------------------------------------------------------------------------------------------------------------ 2.97s
2023-11-02 03:35:44,214 p=21697 u=ska n=ansible | Update and upgrade apt packages ------------------------------------------------------------------------------------------------------------------------------------------------------------------------ 2.82s
2023-11-02 03:35:44,214 p=21697 u=ska n=ansible | copy ansible.conf -------------------------------------------------------------------------------------------------------------------------------------------------------------------------------------- 2.43s
2023-11-02 03:35:44,214 p=21697 u=ska n=ansible | Gathering Facts ---------------------------------------------------------------------------------------------------------------------------------------------------------------------------------------- 2.37s
2023-11-02 03:35:44,214 p=21697 u=ska n=ansible | init ansible ------------------------------------------------------------------------------------------------------------------------------------------------------------------------------------------- 1.78s
